<?xml version="1.0" encoding="UTF-8"?>
<testsuite name="search.NewsVkClientStubTest" tests="2" skipped="0" failures="0" errors="0" timestamp="2021-10-18T07:46:21" hostname="sashapff-x" time="0.265">
  <properties/>
  <testcase name="testCorrectRequest" classname="search.NewsVkClientStubTest" time="0.244"/>
  <testcase name="testInvalidRequest" classname="search.NewsVkClientStubTest" time="0.021"/>
  <system-out><![CDATA[]]></system-out>
  <system-err><![CDATA[SLF4J: Failed to load class "org.slf4j.impl.StaticLoggerBinder".
SLF4J: Defaulting to no-operation (NOP) logger implementation
SLF4J: See http://www.slf4j.org/codes.html#StaticLoggerBinder for further details.
Oct 18, 2021 10:46:21 AM org.glassfish.grizzly.http.server.NetworkListener start
INFO: Started listener bound to [0.0.0.0:32456]
Oct 18, 2021 10:46:21 AM org.glassfish.grizzly.http.server.HttpServer start
INFO: [HttpServer] Started.
Oct 18, 2021 10:46:21 AM org.glassfish.grizzly.http.server.NetworkListener shutdownNow
INFO: Stopped listener bound to [0.0.0.0:32456]
Oct 18, 2021 10:46:21 AM org.glassfish.grizzly.http.server.NetworkListener start
INFO: Started listener bound to [0.0.0.0:32456]
Oct 18, 2021 10:46:21 AM org.glassfish.grizzly.http.server.HttpServer start
INFO: [HttpServer-1] Started.
Oct 18, 2021 10:46:21 AM org.glassfish.grizzly.http.server.NetworkListener shutdownNow
INFO: Stopped listener bound to [0.0.0.0:32456]
]]></system-err>
</testsuite>
