<?xml version="1.0" encoding="UTF-8"?>
<testsuite name="search.NewsResponseParserTest" tests="2" skipped="0" failures="0" errors="0" timestamp="2021-10-18T07:46:21" hostname="sashapff-x" time="0.025">
  <properties/>
  <testcase name="testParseInvalidResponse" classname="search.NewsResponseParserTest" time="0.025"/>
  <testcase name="testParseResponse" classname="search.NewsResponseParserTest" time="0.0"/>
  <system-out><![CDATA[]]></system-out>
  <system-err><![CDATA[]]></system-err>
</testsuite>
