<?xml version="1.0" encoding="UTF-8"?>
<testsuite name="search.NewsManagerTest" tests="1" skipped="0" failures="0" errors="0" timestamp="2021-10-18T07:46:22" hostname="sashapff-x" time="0.468">
  <properties/>
  <testcase name="testCountNews" classname="search.NewsManagerTest" time="0.468"/>
  <system-out><![CDATA[]]></system-out>
  <system-err><![CDATA[]]></system-err>
</testsuite>
