<?xml version="1.0" encoding="UTF-8"?>
<testsuite name="http.UrlReaderTest" tests="1" skipped="0" failures="0" errors="0" timestamp="2021-10-18T07:46:23" hostname="sashapff-x" time="0.023">
  <properties/>
  <testcase name="read" classname="http.UrlReaderTest" time="0.023"/>
  <system-out><![CDATA[]]></system-out>
  <system-err><![CDATA[]]></system-err>
</testsuite>
